 floating point performance:
--------------------------------------------------------------------------------
CPU name:	AMD EPYC 7702 64-Core Processor                
CPU type:	AMD K17 (Zen2) architecture
CPU clock:	2.00 GHz
--------------------------------------------------------------------------------
--------------------------------------------------------------------------------
Region function_c, Group 1: FLOPS_DP
+-------------------+------------+
|    Region Info    | HWThread 0 |
+-------------------+------------+
| RDTSC Runtime [s] |   0.094072 |
|     call count    |          1 |
+-------------------+------------+

+---------------------------+---------+------------+
|           Event           | Counter | HWThread 0 |
+---------------------------+---------+------------+
|      ACTUAL_CPU_CLOCK     |  FIXC1  |  312583100 |
|	MAX_CPU_CLOCK       |  FIXC2  |  188048500 |
|    RETIRED_INSTRUCTIONS   |   PMC0  |  700114300 |
|    CPU_CLOCKS_UNHALTED    |   PMC1  |  310729800 |
| RETIRED_SSE_AVX_FLOPS_ALL |   PMC2  |  200000000 |
|           MERGE           |   PMC3  |          0 |
+---------------------------+---------+------------+

+----------------------+------------+
|        Metric        | HWThread 0 |
+----------------------+------------+
|  Runtime (RDTSC) [s] |     0.0941 |
| Runtime unhalted [s] |     0.1566 |
|      Clock [MHz]     |  3318.2324 |
|          CPI         |     0.4438 |
|     DP [MFLOP/s]     |  2126.0406 |
+----------------------+------------+


 memory performance:
--------------------------------------------------------------------------------
CPU name:	AMD EPYC 7702 64-Core Processor                
CPU type:	AMD K17 (Zen2) architecture
CPU clock:	2.00 GHz
--------------------------------------------------------------------------------
--------------------------------------------------------------------------------
Region function_c, Group 1: MEM
+-------------------+------------+
|    Region Info    | HWThread 0 |
+-------------------+------------+
| RDTSC Runtime [s] |   0.093680 |
|     call count    |          1 |
+-------------------+------------+

+----------------------+---------+------------+
|         Event        | Counter | HWThread 0 |
+----------------------+---------+------------+
|   ACTUAL_CPU_CLOCK   |  FIXC1  |  312647500 |
|     MAX_CPU_CLOCK    |  FIXC2  |  187288100 |
| RETIRED_INSTRUCTIONS |   PMC0  |  700113400 |
|  CPU_CLOCKS_UNHALTED |   PMC1  |  310784600 |
|    DRAM_CHANNEL_0    |   DFC0  |    6301496 |
|    DRAM_CHANNEL_1    |   DFC1  |    6301509 |
+----------------------+---------+------------+

+-----------------------------+------------+
|            Metric           | HWThread 0 |
+-----------------------------+------------+
|     Runtime (RDTSC) [s]     |     0.0937 |
|     Runtime unhalted [s]    |     0.1566 |
|         Clock [MHz]         |  3332.3975 |
|             CPI             |     0.4439 |
| Memory bandwidth [MBytes/s] |  8610.0922 |
| Memory data volume [GBytes] |     0.8066 |
+-----------------------------+------------+